{
  "RSpec": {
    "coverage": {
      "/Users/ddeyoung/Projects/westlake/spud/spud_cms/lib/spud_cms/version.rb": [
        1,
        1,
        1,
        null,
        null
      ],
      "/Users/ddeyoung/Projects/westlake/spud/spud_cms/lib/spud_cms.rb": [
        null,
        1,
        1,
        1,
        1,
        null,
        null,
        null
      ],
      "/Users/ddeyoung/Projects/westlake/spud/spud_cms/lib/spud_cms/configuration.rb": [
        1,
        1,
        1,
        null,
        1,
        null,
        1,
        1,
        1,
        1,
        1,
        1,
        1,
        1,
        1,
        1,
        1,
        1,
        0,
        0,
        null,
        null,
        0,
        null,
        null,
        null,
        null,
        null
      ],
      "/Users/ddeyoung/Projects/westlake/spud/spud_cms/lib/spud_cms/engine.rb": [
        1,
        1,
        1,
        1,
        1,
        1,
        1,
        null,
        1,
        1,
        null,
        null,
        1,
        1,
        1,
        1,
        1,
        null,
        1,
        0,
        null,
        1,
        1,
        null,
        null,
        null,
        null,
        1,
        1,
        null,
        1,
        1,
        null,
        null,
        1,
        1,
        null,
        null,
        null,
        null,
        null
      ],
      "/Users/ddeyoung/Projects/westlake/spud/spud_cms/app/helpers/spud/admin/cms_helper.rb": [
        1,
        null
      ],
      "/Users/ddeyoung/Projects/westlake/spud/spud_cms/app/helpers/spud/cms/application_helper.rb": [
        1,
        1,
        null,
        0,
        null,
        0,
        0,
        0,
        null,
        0,
        0,
        0,
        0,
        0,
        null,
        0,
        null,
        0,
        0,
        null,
        0,
        0,
        null,
        0,
        null,
        0,
        0,
        null,
        0,
        0,
        null,
        null,
        null,
        0,
        null,
        null,
        0,
        0,
        null,
        0,
        null,
        0,
        0,
        0,
        0,
        0,
        null,
        0,
        null,
        null,
        0,
        0,
        0,
        null,
        0,
        null,
        0,
        null,
        0,
        null,
        null,
        null,
        1,
        null,
        0,
        0,
        0,
        0,
        0,
        0,
        null,
        0,
        null,
        0,
        0,
        null,
        0,
        0,
        null,
        0,
        0,
        null,
        0,
        0,
        null,
        0,
        null,
        null,
        null,
        0,
        0,
        null,
        null,
        0,
        null,
        0,
        0,
        null,
        0,
        null,
        0,
        null,
        null,
        null,
        null,
        null,
        null,
        null,
        null,
        null,
        null,
        null,
        0,
        null,
        0,
        null,
        0,
        null,
        0,
        null,
        0,
        0,
        0,
        null,
        null,
        0,
        0,
        0,
        0,
        0,
        null,
        0,
        null,
        null,
        0,
        null,
        0,
        0,
        0,
        null,
        0,
        null,
        null,
        0,
        null,
        0,
        null,
        null,
        1,
        null,
        0,
        0,
        0,
        null,
        null,
        0,
        0,
        0,
        0,
        null,
        0,
        0,
        null,
        null,
        null,
        null,
        null,
        null,
        null,
        null,
        null,
        0,
        0,
        0,
        null,
        null,
        0,
        null,
        1,
        1,
        null,
        0,
        0,
        0,
        null,
        0,
        null,
        0,
        0,
        0,
        0,
        0,
        null,
        0,
        null,
        null,
        0,
        null,
        0,
        0,
        0,
        null,
        0,
        null,
        0,
        0,
        null,
        1,
        0,
        0,
        0,
        null,
        0,
        0,
        null,
        0,
        0,
        0,
        0,
        0,
        0,
        null,
        0,
        null,
        null,
        null,
        0,
        0,
        0,
        null,
        0,
        null,
        0,
        0,
        null,
        null,
        null,
        null,
        null,
        null
      ],
      "/Users/ddeyoung/Projects/westlake/spud/spud_cms/app/controllers/pages_controller.rb": [
        1,
        1,
        null,
        null,
        1,
        0,
        0,
        0,
        null,
        null,
        1,
        0,
        null,
        null,
        0,
        0,
        0,
        0,
        0,
        null,
        null,
        null,
        0,
        null,
        null,
        0,
        0,
        0,
        null,
        null,
        0,
        0,
        0,
        null,
        null,
        0,
        0,
        null,
        0,
        null,
        0,
        0,
        null,
        null,
        0,
        0,
        0,
        null,
        0,
        null,
        null,
        0,
        0,
        0,
        0,
        null,
        0,
        null,
        null,
        0,
        null,
        null,
        0,
        0,
        0,
        null,
        null,
        null,
        0,
        0,
        0,
        null,
        0,
        null,
        null,
        0,
        null,
        null,
        null,
        1,
        null,
        null
      ],
      "/Users/ddeyoung/Projects/westlake/spud/spud_cms/app/controllers/spud/admin/cms_controller.rb": [
        1,
        null,
        null
      ],
      "/Users/ddeyoung/Projects/westlake/spud/spud_cms/app/controllers/spud/admin/menu_items_controller.rb": [
        1,
        1,
        1,
        1,
        1,
        1,
        1,
        1,
        0,
        0,
        0,
        null,
        null,
        1,
        0,
        0,
        null,
        0,
        0,
        null,
        null,
        1,
        null,
        0,
        0,
        0,
        0,
        0,
        0,
        0,
        null,
        0,
        null,
        0,
        0,
        null,
        0,
        0,
        0,
        0,
        null,
        null,
        0,
        null,
        null,
        null,
        0,
        null,
        null,
        1,
        0,
        0,
        0,
        0,
        null,
        0,
        null,
        null,
        1,
        null,
        0,
        0,
        0,
        0,
        0,
        null,
        0,
        null,
        0,
        0,
        0,
        null,
        0,
        null,
        null,
        1,
        null,
        0,
        null,
        0,
        null,
        1,
        1,
        null,
        0,
        0,
        0,
        0,
        null,
        0,
        null,
        null,
        1,
        0,
        0,
        0,
        0,
        null,
        null,
        null,
        null,
        null,
        null,
        null,
        null
      ],
      "/Users/ddeyoung/Projects/westlake/spud/spud_cms/app/models/page_sweeper.rb": [
        1,
        1,
        null,
        1,
        3,
        1,
        0,
        0,
        null,
        0,
        null,
        1,
        0,
        0,
        null,
        0,
        null,
        null,
        null,
        null,
        1,
        3,
        3,
        3,
        null,
        1,
        0,
        0,
        0,
        null,
        1,
        1,
        3,
        2,
        0,
        null,
        1,
        1,
        0,
        0,
        null,
        0,
        null,
        1,
        0,
        0,
        null,
        0,
        null,
        null,
        null,
        0,
        0,
        null,
        null,
        null
      ],
      "/Users/ddeyoung/Projects/westlake/spud/spud_cms/app/models/spud_page.rb": [
        1,
        1,
        1,
        1,
        1,
        1,
        1,
        1,
        1,
        1,
        null,
        null,
        1,
        null,
        1,
        1,
        1,
        1,
        1,
        null,
        1,
        1,
        4,
        1,
        1,
        null,
        null,
        1,
        0,
        null,
        null,
        null,
        null,
        null,
        1,
        0,
        0,
        0,
        0,
        0,
        0,
        0,
        0,
        0,
        0,
        0,
        null,
        null,
        null,
        0,
        null,
        null,
        null,
        1,
        6,
        5,
        3,
        3,
        0,
        null,
        3,
        3,
        3,
        null,
        3,
        1,
        null,
        3,
        null,
        3,
        3,
        3,
        0,
        0,
        null,
        null,
        null,
        null,
        3,
        0,
        0,
        null,
        0,
        0,
        0,
        null,
        0,
        0,
        0,
        null,
        null,
        0,
        null,
        0,
        0,
        null,
        0,
        0,
        null,
        0,
        0,
        0,
        0,
        0,
        0,
        null,
        0,
        0,
        null,
        null,
        0,
        null,
        null,
        2,
        null,
        null,
        1,
        0,
        null,
        null
      ],
      "/Users/ddeyoung/Projects/westlake/spud/spud_cms/app/models/spud_template.rb": [
        1,
        1,
        null,
        1,
        1,
        1,
        null,
        1,
        1,
        null
      ],
      "/Users/ddeyoung/Projects/westlake/spud/spud_cms/app/models/spud_menu_item.rb": [
        1,
        1,
        1,
        1,
        1,
        null,
        1,
        1,
        1,
        null,
        null,
        1,
        null,
        null,
        1,
        0,
        0,
        0,
        0,
        null,
        0,
        0,
        0,
        null,
        0,
        null,
        1,
        0,
        null,
        null,
        null,
        null,
        null,
        1,
        0,
        0,
        0,
        0,
        0,
        0,
        0,
        0,
        0,
        0,
        0,
        0,
        0,
        null,
        null,
        null,
        0,
        0,
        0,
        0,
        0,
        null,
        null,
        null,
        null,
        null,
        0,
        null,
        null,
        null,
        null,
        null,
        null,
        null,
        null,
        null,
        null,
        null,
        null,
        null,
        null
      ],
      "/Users/ddeyoung/Projects/westlake/spud/spud_cms/app/controllers/spud/admin/menus_controller.rb": [
        1,
        1,
        1,
        1,
        1,
        null,
        1,
        0,
        0,
        null,
        null,
        null,
        1,
        0,
        0,
        0,
        null,
        null,
        1,
        0,
        0,
        0,
        0,
        0,
        null,
        null,
        1,
        0,
        0,
        null,
        null,
        1,
        0,
        null,
        0,
        0,
        null,
        null,
        1,
        0,
        0,
        null,
        null,
        1,
        1,
        0,
        0,
        0,
        0,
        null,
        null,
        null
      ],
      "/Users/ddeyoung/Projects/westlake/spud/spud_cms/app/controllers/spud/admin/pages_controller.rb": [
        1,
        1,
        1,
        1,
        1,
        1,
        1,
        null,
        0,
        0,
        null,
        null,
        1,
        null,
        null,
        0,
        0,
        0,
        0,
        null,
        0,
        null,
        null,
        0,
        null,
        null,
        0,
        0,
        0,
        null,
        0,
        null,
        0,
        null,
        null,
        1,
        0,
        null,
        null,
        0,
        0,
        0,
        0,
        0,
        0,
        0,
        0,
        null,
        null,
        0,
        0,
        null,
        0,
        null,
        null,
        1,
        null,
        0,
        0,
        0,
        0,
        0,
        null,
        0,
        0,
        null,
        null,
        1,
        0,
        0,
        null,
        0,
        0,
        0,
        0,
        0,
        0,
        0,
        0,
        null,
        null,
        0,
        0,
        null,
        null,
        0,
        0,
        0,
        0,
        0,
        null,
        null,
        null,
        null,
        null,
        1,
        null,
        0,
        0,
        0,
        0,
        null,
        0,
        0,
        0,
        null,
        0,
        0,
        null,
        null,
        null,
        null,
        1,
        null,
        null,
        0,
        null,
        null,
        0,
        0,
        0,
        null,
        0,
        null,
        0,
        null,
        null,
        null,
        1,
        0,
        null,
        0,
        0,
        0,
        null,
        0,
        null,
        0,
        0,
        0,
        null,
        null,
        null,
        1,
        0,
        0,
        0,
        0,
        0,
        0,
        0,
        0,
        null,
        null,
        0,
        0,
        0,
        0,
        0,
        0,
        null,
        null,
        0,
        0,
        null,
        null,
        null,
        0,
        0,
        0,
        null,
        null,
        0,
        0,
        0,
        0,
        null,
        0,
        null,
        null,
        null,
        null,
        null,
        1,
        0,
        0,
        0,
        0,
        0,
        null,
        0,
        null,
        null,
        0,
        0,
        null,
        0,
        null,
        null,
        null,
        0,
        null,
        null,
        1,
        1,
        0,
        0,
        0,
        0,
        null,
        0,
        null,
        null,
        null,
        null,
        null
      ],
      "/Users/ddeyoung/Projects/westlake/spud/spud_cms/app/controllers/spud/admin/templates_controller.rb": [
        1,
        1,
        1,
        1,
        1,
        1,
        null,
        1,
        0,
        0,
        0,
        null,
        null,
        1,
        0,
        0,
        0,
        0,
        0,
        0,
        0,
        null,
        null,
        0,
        0,
        null,
        null,
        1,
        0,
        null,
        0,
        0,
        0,
        null,
        0,
        null,
        null,
        1,
        0,
        0,
        null,
        null,
        1,
        null,
        0,
        0,
        null,
        0,
        null,
        null,
        null,
        1,
        null,
        0,
        null,
        0,
        null,
        null,
        1,
        1,
        0,
        0,
        0,
        0,
        null,
        null,
        null,
        null,
        null,
        null
      ],
      "/Users/ddeyoung/Projects/westlake/spud/spud_cms/app/controllers/spud/cms/sitemaps_controller.rb": [
        1,
        1,
        1,
        1,
        2,
        2,
        0,
        0,
        null,
        2,
        2,
        null,
        null
      ],
      "/Users/ddeyoung/Projects/westlake/spud/spud_cms/app/models/spud_menu.rb": [
        1,
        1,
        1,
        1,
        1,
        null,
        1,
        1,
        null
      ],
      "/Users/ddeyoung/Projects/westlake/spud/spud_cms/app/models/spud_page_partial.rb": [
        1,
        1,
        1,
        1,
        null,
        null,
        1,
        0,
        0,
        null,
        0,
        0,
        0,
        0,
        0,
        0,
        0,
        null,
        null,
        0,
        null,
        null
      ],
      "/Users/ddeyoung/Projects/westlake/spud/spud_cms/app/models/spud_page_partial_revision.rb": [
        1,
        1,
        null,
        1,
        null
      ],
      "/Users/ddeyoung/Projects/westlake/spud/spud_cms/lib/spud_cms/page_route.rb": [
        1,
        1,
        null
      ]
    },
    "timestamp": 1339298151
  }
}
